<?xml version="1.0" encoding="UTF-8"?>
<!-- Generated by org.testng.reporters.JUnitXMLReporter -->
<testsuite ignored="2" hostname="DESKTOP-7E73ERP" failures="0" tests="1" name="Default test" time="103.621" errors="0" timestamp="2024-09-11T07:16:39 EEST">
  <testcase classname="tests.CartTest" name="testAccesstoCartPage" time="71.956"/>
  <testcase classname="tests.CartTest" name="testAccessToCheckout" time="0.0">
    <ignored/>
  </testcase> <!-- testAccessToCheckout -->
  <testcase classname="tests.CartTest" name="testVerifyItems" time="0.0">
    <ignored/>
  </testcase> <!-- testVerifyItems -->
</testsuite> <!-- Default test -->
