<?xml version="1.0" encoding="UTF-8"?>
<!-- Generated by org.testng.reporters.JUnitXMLReporter -->
<testsuite ignored="0" hostname="DESKTOP-7E73ERP" failures="0" tests="3" name="Default test" time="107.884" errors="0" timestamp="2024-09-22T11:11:23 EEST">
  <testcase classname="tests.CartTest" name="testAccesstoCartPage" time="75.197"/>
  <testcase classname="tests.CartTest" name="testVerifyItems" time="1.066"/>
  <testcase classname="tests.CartTest" name="testAccessToCheckout" time="5.288"/>
</testsuite> <!-- Default test -->
