<?xml version="1.0" encoding="UTF-8"?>
<!-- Generated by org.testng.reporters.JUnitXMLReporter -->
<testsuite ignored="0" hostname="DESKTOP-7E73ERP" failures="0" tests="3" name="Test" time="112.223" errors="0" timestamp="2024-09-04T12:57:14 EEST">
  <testcase classname="tests.CartTest" name="testAccesstoCartPage" time="7.606"/>
  <testcase classname="tests.CartTest" name="testVerifyItems" time="0.977"/>
  <testcase classname="tests.CartTest" name="testAccessToCheckout" time="5.401"/>
</testsuite> <!-- Test -->
