<?xml version="1.0" encoding="UTF-8"?>
<!-- Generated by org.testng.reporters.JUnitXMLReporter -->
<testsuite ignored="0" hostname="DESKTOP-7E73ERP" failures="0" tests="5" name="Functionality Test" time="243.414" errors="0" timestamp="2024-09-08T23:27:58 EEST">
  <testcase classname="tests.RegistrationTest" name="testValidLogin" time="28.841"/>
  <testcase classname="tests.LoginTest" name="testValidLogin" time="6.434"/>
  <testcase classname="tests.CartTest" name="testAccesstoCartPage" time="94.163"/>
  <testcase classname="tests.CartTest" name="testVerifyItems" time="3.367"/>
  <testcase classname="tests.CartTest" name="testAccessToCheckout" time="6.849"/>
</testsuite> <!-- Functionality Test -->
