<?xml version="1.0" encoding="UTF-8"?>
<testng-results ignored="0" total="3" passed="3" failed="0" skipped="0">
  <reporter-output>
  </reporter-output>
  <suite started-at="2024-09-22T11:09:35 EEST" name="Default suite" finished-at="2024-09-22T11:11:23 EEST" duration-ms="107884">
    <groups>
    </groups>
    <test started-at="2024-09-22T11:09:35 EEST" name="Default test" finished-at="2024-09-22T11:11:23 EEST" duration-ms="107884">
      <class name="tests.CartTest">
        <test-method is-config="true" signature="setup()[pri:0, instance:tests.CartTest@a1217f9]" started-at="2024-09-22T11:09:35 EEST" name="setup" finished-at="2024-09-22T11:09:57 EEST" duration-ms="21476" status="PASS">
          <reporter-output>
          </reporter-output>
        </test-method> <!-- setup -->
        <test-method signature="testAccesstoCartPage()[pri:0, instance:tests.CartTest@a1217f9]" started-at="2024-09-22T11:09:57 EEST" name="testAccesstoCartPage" finished-at="2024-09-22T11:11:12 EEST" duration-ms="75197" status="PASS">
          <reporter-output>
          </reporter-output>
        </test-method> <!-- testAccesstoCartPage -->
        <test-method is-config="true" signature="captureFailedTest(org.testng.ITestResult)[pri:0, instance:tests.CartTest@a1217f9]" started-at="2024-09-22T11:11:13 EEST" name="captureFailedTest" finished-at="2024-09-22T11:11:13 EEST" duration-ms="162" status="PASS">
          <params>
            <param index="0">
              <value>
                <![CDATA[[TestResult name=testAccesstoCartPage status=SUCCESS method=CartTest.testAccesstoCartPage()[pri:0, instance:tests.CartTest@a1217f9] output={null}]]]>
              </value>
            </param>
          </params>
          <reporter-output>
          </reporter-output>
        </test-method> <!-- captureFailedTest -->
        <test-method signature="testVerifyItems()[pri:1, instance:tests.CartTest@a1217f9]" started-at="2024-09-22T11:11:13 EEST" name="testVerifyItems" finished-at="2024-09-22T11:11:15 EEST" duration-ms="1066" status="PASS">
          <reporter-output>
          </reporter-output>
        </test-method> <!-- testVerifyItems -->
        <test-method is-config="true" signature="captureFailedTest(org.testng.ITestResult)[pri:0, instance:tests.CartTest@a1217f9]" started-at="2024-09-22T11:11:15 EEST" name="captureFailedTest" finished-at="2024-09-22T11:11:15 EEST" duration-ms="58" status="PASS">
          <params>
            <param index="0">
              <value>
                <![CDATA[[TestResult name=testVerifyItems status=SUCCESS method=CartTest.testVerifyItems()[pri:1, instance:tests.CartTest@a1217f9] output={null}]]]>
              </value>
            </param>
          </params>
          <reporter-output>
          </reporter-output>
        </test-method> <!-- captureFailedTest -->
        <test-method signature="testAccessToCheckout()[pri:2, instance:tests.CartTest@a1217f9]" started-at="2024-09-22T11:11:15 EEST" name="testAccessToCheckout" finished-at="2024-09-22T11:11:20 EEST" duration-ms="5288" status="PASS">
          <reporter-output>
          </reporter-output>
        </test-method> <!-- testAccessToCheckout -->
        <test-method is-config="true" signature="captureFailedTest(org.testng.ITestResult)[pri:0, instance:tests.CartTest@a1217f9]" started-at="2024-09-22T11:11:20 EEST" name="captureFailedTest" finished-at="2024-09-22T11:11:20 EEST" duration-ms="4" status="PASS">
          <params>
            <param index="0">
              <value>
                <![CDATA[[TestResult name=testAccessToCheckout status=SUCCESS method=CartTest.testAccessToCheckout()[pri:2, instance:tests.CartTest@a1217f9] output={null}]]]>
              </value>
            </param>
          </params>
          <reporter-output>
          </reporter-output>
        </test-method> <!-- captureFailedTest -->
        <test-method is-config="true" signature="quitFromDriver()[pri:0, instance:tests.CartTest@a1217f9]" started-at="2024-09-22T11:11:20 EEST" name="quitFromDriver" finished-at="2024-09-22T11:11:23 EEST" duration-ms="2515" status="PASS">
          <reporter-output>
          </reporter-output>
        </test-method> <!-- quitFromDriver -->
      </class> <!-- tests.CartTest -->
    </test> <!-- Default test -->
  </suite> <!-- Default suite -->
</testng-results>
